******************* PART 1 CardValidatorTest 34 testcases *********************
JUnit version 4.12
.checkNum - 4 (Discover) w/valid card num
.checkType_String2 - Visa
.checkType_string3 - American Express
.checkType_String4 - Discover
.checkNum11 - 4 (Discover) w/invalid card num 1st digit
.checkNum12 - 3 (MasterCard) w/invalid card num 1st digit
.checkNum13 - 2 (Visa) w/invalid card num 1st digit
.checkNum14 - 1 (American Express) w/invalid card num 1st digit
.checkNum15 - string= discover w/invalid card num 1st digit
.checkNum16 - string= mastercard w/invalid card num 1st digit
.checkNum17 - string= Visa w/invalid card num 1st digit
.checkNum21 - 4 (Discover) w/invalid card num invalid length 
.checkNum22 - 3 (MasterCard) w/invalid card num invalid length
.checkNum23 - 2 (Visa) w/invalid card num invalid length
.checkNum24 - 1 (American Express) w/invalid card num invalid length
.checkNum25 - string= discover w/invalid card num invalid length
.checkNum26 - string= mastercard w/invalid card num invalid length
.checkNum27 - string= Visa w/invalid card num invalid length
.checkType - valid entry between 1-4
.getAttempts2 - one attempt made, should return 1
.checkTypestring54 - verify exception thrown when attempts exceed 2
.checkNum2 - 3 (MasterCard) w/valid card num
.checkNum3 - 2 (Visa) w/valid card num
.checkNum4 - 1 (American Express) w/valid card num
.checkNum5 - string= discover w/valid card num
.checkNum6 - string= mastercard w/valid card num
.checkNum7 - string= Visa w/valid card num
.checkNum8 - checkNum called 3 times, exceeds max attempts
E.checkType_int2 - invalid entry value of 8
.checkType_int3 - verify num attempts incremented
.checkType_int4 - verify exception thrown when attempts exceed 2
.checkType_int7 - verify exception thrown when attempts exceed 2, across all methods
.checkType_String - MasterCard
.getAttempts - no attempts made should return 0

Time: 0.028
There was 1 failure:
1) testCheckNum8(csu.csci325.CardValidatorTest)
java.lang.AssertionError: checkNum(4) threw MaxAttemptsExceededException after only two attempts.
	at org.junit.Assert.fail(Assert.java:88)
	at csu.csci325.CardValidatorTest.testCheckNum8(CardValidatorTest.java:447)
	at sun.reflect.NativeMethodAccessorImpl.invoke0(Native Method)
	at sun.reflect.NativeMethodAccessorImpl.invoke(NativeMethodAccessorImpl.java:62)
	at sun.reflect.DelegatingMethodAccessorImpl.invoke(DelegatingMethodAccessorImpl.java:43)
	at java.lang.reflect.Method.invoke(Method.java:498)
	at org.junit.runners.model.FrameworkMethod$1.runReflectiveCall(FrameworkMethod.java:50)
	at org.junit.internal.runners.model.ReflectiveCallable.run(ReflectiveCallable.java:12)
	at org.junit.runners.model.FrameworkMethod.invokeExplosively(FrameworkMethod.java:47)
	at org.junit.internal.runners.statements.InvokeMethod.evaluate(InvokeMethod.java:17)
	at org.junit.runners.ParentRunner.runLeaf(ParentRunner.java:325)
	at org.junit.runners.BlockJUnit4ClassRunner.runChild(BlockJUnit4ClassRunner.java:78)
	at org.junit.runners.BlockJUnit4ClassRunner.runChild(BlockJUnit4ClassRunner.java:57)
	at org.junit.runners.ParentRunner$3.run(ParentRunner.java:290)
	at org.junit.runners.ParentRunner$1.schedule(ParentRunner.java:71)
	at org.junit.runners.ParentRunner.runChildren(ParentRunner.java:288)
	at org.junit.runners.ParentRunner.access$000(ParentRunner.java:58)
	at org.junit.runners.ParentRunner$2.evaluate(ParentRunner.java:268)
	at org.junit.runners.ParentRunner.run(ParentRunner.java:363)
	at org.junit.runners.Suite.runChild(Suite.java:128)
	at org.junit.runners.Suite.runChild(Suite.java:27)
	at org.junit.runners.ParentRunner$3.run(ParentRunner.java:290)
	at org.junit.runners.ParentRunner$1.schedule(ParentRunner.java:71)
	at org.junit.runners.ParentRunner.runChildren(ParentRunner.java:288)
	at org.junit.runners.ParentRunner.access$000(ParentRunner.java:58)
	at org.junit.runners.ParentRunner$2.evaluate(ParentRunner.java:268)
	at org.junit.runners.ParentRunner.run(ParentRunner.java:363)
	at org.junit.runner.JUnitCore.run(JUnitCore.java:137)
	at org.junit.runner.JUnitCore.run(JUnitCore.java:115)
	at org.junit.runner.JUnitCore.runMain(JUnitCore.java:77)
	at org.junit.runner.JUnitCore.main(JUnitCore.java:36)

FAILURES!!!
Tests run: 34,  Failures: 1

+ 63.050 pts of 65.000
Total grade so far: 63.050
******************* PART 2 AddressVerificationTest - 18 testcases *********************
JUnit version 4.12
.checkStateZip2 - (invalid) 30301
InvalidAddressException thrown/caught appropriately.
.checkStateZip3 - (invalid) GA
InvalidAddressException thrown/caught appropriately.
.checkStateZip4 - (invalid)Georgia 30301
InvalidAddressException thrown/caught appropriately.
.checkCity - (invalid) W
InvalidAddressException thrown/caught appropriately.
.validateAddress - (valid) 123 OldBirch Lane, Wren, SC 29673
Address is Valid
.checkFormat - (valid) 123 OldBirch, Wren, SC 29673
.checkStreetAdd - (invalid) OldBirch
InvalidAddressException thrown/caught appropriately.
.checkStreetAdd - (invalid) Old Birch
InvalidAddressException thrown/caught appropriately.
.checkStreetAdd - (invalid) 123 B
InvalidAddressException thrown/caught appropriately.
.checkStreetAdd - (valid) 123 OldBirch
.checkFormat - (invalid) 123 OldBirch, Wren
InvalidAddressException thrown/caught appropriately.
.checkFormat - (invalid) 123 OldBirch, Wren, SC, 29673
InvalidAddressException thrown/caught appropriately.
.validateAddress - (invalid) 123 OldBirch Lane, 29673
You have entered an invalid address, goodbye.
.validateAddress - (invalid) OldBirch, Wren, SC, 29673
You have entered an invalid address, goodbye.
.validateAddress - (invalid) 123 OldBirch, W, SC 29673
You have entered an invalid city, goodbye
.validateAddress - (invalid) 123 OldBirch, Wren, 29673
You have entered an invalid state, goodbye.
.checkCity - (valid) Wren
.checkStateZip - (valid) GA 30301

Time: 0.016

OK (18 tests)

+ 35.000 pts of 35.000
Total grade so far: 98.050
Auto-grader grade: 98.050
*****************Finished lab07****************
